build/app/intermediates/manifest_merge_blame_file/debug/manifest-merger-blame-debug-report.txt
1<?xml version="1.0" encoding="utf-8"?>
2<manifest xmlns:android="http://schemas.android.com/apk/res/android"
3    package="com.example.ventilator"
4    android:versionCode="2"
5    android:versionName="1.0.0" >
6
7    <uses-sdk
8        android:minSdkVersion="21"
9        android:targetSdkVersion="28" />
10    <!--
11         Flutter needs it to communicate with the running application
12         to allow setting breakpoints, to provide hot reload, etc.
13    -->
14    <uses-permission android:name="android.permission.INTERNET" />
14-->src/main/AndroidManifest.xml:27:5-67
14-->src/main/AndroidManifest.xml:27:22-64
15    <!--
16     io.flutter.app.FlutterApplication is an android.app.Application that
17         calls FlutterMain.startInitialization(this); in its onCreate method.
18         In most cases you can leave this as-is, but you if you want to provide
19         additional functionality it is fine to subclass or reimplement
20         FlutterApplication and put your custom class here.
21    -->
22    <uses-permission android:name="android.permission.WAKE_LOCK" />
22-->src/main/AndroidManifest.xml:10:10-73
22-->src/main/AndroidManifest.xml:10:27-70
23    <uses-permission android:name="android.permission.DEVICE_POWER" />
23-->src/main/AndroidManifest.xml:11:5-12:47
23-->src/main/AndroidManifest.xml:11:22-68
24    <uses-permission android:name="android.permission.REBOOT" />
24-->src/main/AndroidManifest.xml:13:5-14:65
24-->src/main/AndroidManifest.xml:13:22-62
25    <uses-permission android:name="android.permission.RECEIVE_BOOT_COMPLETED" /> <!-- <uses-permission android:name="android.permission.SHUTDOWN" -->
25-->src/main/AndroidManifest.xml:15:5-80
25-->src/main/AndroidManifest.xml:15:22-78
26    <!-- tools:ignore="signatureOrSystem" /> -->
27    <uses-permission android:name="android.permission.REORDER_TASKS" />
27-->src/main/AndroidManifest.xml:19:5-72
27-->src/main/AndroidManifest.xml:19:22-69
28    <uses-permission android:name="android.permission.SYSTEM_ALERT_WINDOW" />
28-->src/main/AndroidManifest.xml:20:5-78
28-->src/main/AndroidManifest.xml:20:22-75
29    <uses-permission
29-->src/main/AndroidManifest.xml:21:5-23:47
30        android:name="android.permission.MANAGE_USB"
30-->src/main/AndroidManifest.xml:21:22-66
31        android:protectionLevel="signature" />
31-->src/main/AndroidManifest.xml:22:9-44
32
33    <uses-feature android:name="android.hardware.usb.host" /> <!-- <uses-permission android:name="android.permission.REQUEST_IGNORE_BATTERY_OPTIMIZATIONS"/> -->
33-->src/main/AndroidManifest.xml:24:5-61
33-->src/main/AndroidManifest.xml:24:19-59
34    <uses-permission android:name="android.permission.ACCESS_NETWORK_STATE" />
34-->src/main/AndroidManifest.xml:26:5-79
34-->src/main/AndroidManifest.xml:26:22-76
35    <uses-permission android:name="android.permission.WRITE_EXTERNAL_STORAGE" />
35-->src/main/AndroidManifest.xml:28:5-81
35-->src/main/AndroidManifest.xml:28:22-78
36    <uses-permission android:name="android.permission.REQUEST_INSTALL_PACKAGES" />
36-->src/main/AndroidManifest.xml:29:5-83
36-->src/main/AndroidManifest.xml:29:22-80
37
38    <application
38-->src/main/AndroidManifest.xml:31:5-105:19
39        android:name="io.flutter.app.FlutterApplication"
39-->src/main/AndroidManifest.xml:31:18-66
40        android:appComponentFactory="androidx.core.app.CoreComponentFactory"
40-->[androidx.core:core:1.1.0] AndroidManifest.xml:24:18-86
41        android:debuggable="true"
42        android:label="Ventilator" >
42-->src/main/AndroidManifest.xml:32:9-35
43        <meta-data
43-->src/main/AndroidManifest.xml:33:9-72
44            android:name="flutterEmbedding"
44-->src/main/AndroidManifest.xml:33:20-51
45            android:value="2" />
45-->src/main/AndroidManifest.xml:33:52-69
46
47        <activity
47-->src/main/AndroidManifest.xml:35:9-60:20
48            android:name="com.example.ventilator.MainActivity"
48-->src/main/AndroidManifest.xml:35:19-47
49            android:configChanges="orientation|keyboardHidden|keyboard|screenSize|locale|layoutDirection|fontScale|screenLayout|density|uiMode"
49-->src/main/AndroidManifest.xml:37:13-144
50            android:directBootAware="false"
50-->src/main/AndroidManifest.xml:42:13-44
51            android:exported="true"
51-->src/main/AndroidManifest.xml:40:13-36
52            android:hardwareAccelerated="false"
52-->src/main/AndroidManifest.xml:38:13-48
53            android:launchMode="singleTop"
53-->src/main/AndroidManifest.xml:39:13-43
54            android:screenOrientation="fullSensor"
54-->src/main/AndroidManifest.xml:36:13-51
55            android:theme="@style/AppTheme"
55-->src/main/AndroidManifest.xml:41:13-44
56            android:windowSoftInputMode="adjustResize" >
56-->src/main/AndroidManifest.xml:43:13-55
57            <meta-data
57-->src/main/AndroidManifest.xml:45:13-113
58                android:name="io.flutter.app.android.SplashScreenUntilFirstFrame"
58-->src/main/AndroidManifest.xml:45:24-89
59                android:value="true" />
59-->src/main/AndroidManifest.xml:45:90-110
60
61            <intent-filter>
61-->src/main/AndroidManifest.xml:46:13-51:29
62                <action android:name="android.intent.action.MAIN" />
62-->src/main/AndroidManifest.xml:47:17-69
62-->src/main/AndroidManifest.xml:47:25-66
63
64                <category android:name="android.intent.category.LAUNCHER" />
64-->src/main/AndroidManifest.xml:48:17-77
64-->src/main/AndroidManifest.xml:48:27-74
65                <category android:name="android.intent.category.HOME" />
65-->src/main/AndroidManifest.xml:49:17-73
65-->src/main/AndroidManifest.xml:49:27-70
66                <category android:name="android.intent.category.DEFAULT" />
66-->src/main/AndroidManifest.xml:50:17-76
66-->src/main/AndroidManifest.xml:50:27-73
67            </intent-filter>
68            <intent-filter>
68-->src/main/AndroidManifest.xml:52:13-54:29
69                <action android:name="android.hardware.usb.action.USB_DEVICE_ATTACHED" />
69-->src/main/AndroidManifest.xml:53:17-90
69-->src/main/AndroidManifest.xml:53:25-87
70            </intent-filter>
71
72            <meta-data
72-->src/main/AndroidManifest.xml:56:13-57:57
73                android:name="android.hardware.usb.action.USB_DEVICE_ATTACHED"
73-->src/main/AndroidManifest.xml:56:24-86
74                android:resource="@xml/device_filter" />
74-->src/main/AndroidManifest.xml:57:17-54
75        </activity>
76
77        <receiver
77-->src/main/AndroidManifest.xml:64:9-76:20
78            android:name="com.example.ventilator.MyDeviceAdminReceiver"
78-->src/main/AndroidManifest.xml:65:13-50
79            android:permission="android.permission.BIND_DEVICE_ADMIN" >
79-->src/main/AndroidManifest.xml:66:13-70
80            <meta-data
80-->src/main/AndroidManifest.xml:67:13-69:65
81                android:name="android.app.device_admin"
81-->src/main/AndroidManifest.xml:68:17-56
82                android:resource="@xml/device_admin_receiver" />
82-->src/main/AndroidManifest.xml:69:17-62
83
84            <intent-filter>
84-->src/main/AndroidManifest.xml:71:13-75:29
85                <action android:name="android.app.action.DEVICE_ADMIN_ENABLED" />
85-->src/main/AndroidManifest.xml:72:17-82
85-->src/main/AndroidManifest.xml:72:25-79
86                <action android:name="android.intent.action.PROFILE_PROVISIONING_COMPLETE" />
86-->src/main/AndroidManifest.xml:73:17-93
86-->src/main/AndroidManifest.xml:73:25-91
87                <action android:name="android.intent.action.BOOT_COMPLETED" />
87-->src/main/AndroidManifest.xml:74:17-78
87-->src/main/AndroidManifest.xml:74:25-76
88            </intent-filter>
89        </receiver>
90
91        <provider
92            android:name="androidx.core.content.FileProvider"
93            android:authorities="com.example.ventilator.provider"
94            android:exported="false"
95            android:grantUriPermissions="true" >
96            <meta-data
97                android:name="android.support.FILE_PROVIDER_PATHS"
98                android:resource="@xml/file_provider_paths" />
99        </provider>
100
101        <!-- <activity -->
102        <!-- android:name=".UsbEventReceiverActivity" -->
103        <!-- android:label="Ventilator" -->
104        <!-- android:theme="@style/Theme.Transparent" -->
105        <!-- android:noHistory="true" -->
106        <!-- android:excludeFromRecents="true" -->
107        <!-- android:taskAffinity="com.example.taskAffinityUsbEventReceiver" -->
108        <!-- android:process=":UsbEventReceiverActivityProcess" -->
109        <!-- android:exported="false" -->
110        <!-- > -->
111        <!-- <intent-filter> -->
112        <!-- <action android:name="android.hardware.usb.action.USB_DEVICE_ATTACHED" /> -->
113        <!-- </intent-filter> -->
114        <!-- <meta-data android:name="android.hardware.usb.action.USB_DEVICE_ATTACHED" android:resource="@xml/device_filter" /> -->
115        <!-- </activity> -->
116
117        <activity
117-->[com.nabinbhandari.android:permissions:3.8] AndroidManifest.xml:12:9-14:67
118            android:name="com.nabinbhandari.android.permissions.PermissionsActivity"
118-->[com.nabinbhandari.android:permissions:3.8] AndroidManifest.xml:13:13-85
119            android:theme="@style/Permissions.TransparentTheme" />
119-->[com.nabinbhandari.android:permissions:3.8] AndroidManifest.xml:14:13-64
120    </application>
121
122</manifest>